=== Country Statistics ===
Total Servers: 46
Successful Geo-IP Resolutions: 32
Failed Geo-IP Resolutions: 14
Unknown              : 14
United States        : 8
United Kingdom       : 2
The Netherlands      : 2
Germany              : 2
Vietnam              : 2
South Korea          : 2

=== Server Type Summary ===
VLESS                : 34
SS                   : 8
VMESS                : 2
TROJAN               : 2
HYSTERIA             : 0
HYSTERIA2            : 0
TUIC                 : 0
WIREGUARD            : 0
WARP                 : 0

=== Channel Statistics ===
Hope_Net            : 42
Helix_Servers       : 4
